Build started 16-Apr-17 3:12:40 PM.
     1>Project "d:\Users\kyle jones\documents\visual studio 2012\Projects\Encryption\Encryption\Encryption.vcxproj" on node 2 (Rebuild target(s)).
     1>ClCompile:
         C:\Program Files (x86)\Microsoft Visual Studio 11.0\VC\bin\CL.exe /c /ZI /nologo /W3 /WX- /Od /Oy- /D WIN32 /D _DEBUG /D _CONSOLE /D _UNICODE /D UNICODE /Gm /EHsc /RTC1 /MDd /GS /fp:precise /Zc:wchar_t /Zc:forScope /Fo"Debug\\" /Fd"Debug\vc110.pdb" /Gd /TP /analyze- /errorReport:prompt Main.cpp RailFence.cpp ROT13.cpp Security.cpp SHA256.cpp Vernam.cpp Vigenere.cpp
         Vigenere.cpp
         Vernam.cpp
         SHA256.cpp
     1>d:\users\kyle jones\documents\visual studio 2012\projects\encryption\encryption\sha256.cpp(209): warning C4996: 'sprintf': This function or variable may be unsafe. Consider using sprintf_s instead. To disable deprecation, use _CRT_SECURE_NO_WARNINGS. See online help for details.
                 c:\program files (x86)\microsoft visual studio 11.0\vc\include\stdio.h(357) : see declaration of 'sprintf'
         Security.cpp
         ROT13.cpp
         RailFence.cpp
         Main.cpp
         Generating Code...
       Link:
         C:\Program Files (x86)\Microsoft Visual Studio 11.0\VC\bin\link.exe /ERRORREPORT:PROMPT /OUT:"d:\users\kyle jones\documents\visual studio 2012\Projects\Encryption\Debug\Encryption.exe" /INCREMENTAL /NOLOGO kernel32.lib user32.lib gdi32.lib winspool.lib comdlg32.lib advapi32.lib shell32.lib ole32.lib oleaut32.lib uuid.lib odbc32.lib odbccp32.lib /MANIFEST /MANIFESTUAC:"level='asInvoker' uiAccess='false'" /manifest:embed /DEBUG /PDB:"d:\users\kyle jones\documents\visual studio 2012\Projects\Encryption\Debug\Encryption.pdb" /SUBSYSTEM:CONSOLE /TLBID:1 /DYNAMICBASE /NXCOMPAT /IMPLIB:"d:\users\kyle jones\documents\visual studio 2012\Projects\Encryption\Debug\Encryption.lib" /MACHINE:X86 Debug\Main.obj
         Debug\RailFence.obj
         Debug\ROT13.obj
         Debug\Security.obj
         Debug\SHA256.obj
         Debug\Vernam.obj
         Debug\Vigenere.obj
         Encryption.vcxproj -> d:\users\kyle jones\documents\visual studio 2012\Projects\Encryption\Debug\Encryption.exe
     1>Done Building Project "d:\Users\kyle jones\documents\visual studio 2012\Projects\Encryption\Encryption\Encryption.vcxproj" (Rebuild target(s)).

Build succeeded.

Time Elapsed 00:00:02.66
