D:\USERS\KYLE JONES\DOCUMENTS\VISUAL STUDIO 2012\PROJECTS\ENCRYPTION\ENCRYPTION\DEBUG\MAIN.OBJ
D:\USERS\KYLE JONES\DOCUMENTS\VISUAL STUDIO 2012\PROJECTS\ENCRYPTION\ENCRYPTION\DEBUG\SECURITY.OBJ
D:\USERS\KYLE JONES\DOCUMENTS\VISUAL STUDIO 2012\PROJECTS\ENCRYPTION\ENCRYPTION\DEBUG\SHA256.OBJ
D:\USERS\KYLE JONES\DOCUMENTS\VISUAL STUDIO 2012\PROJECTS\ENCRYPTION\ENCRYPTION\DEBUG\VC110.PDB
D:\USERS\KYLE JONES\DOCUMENTS\VISUAL STUDIO 2012\PROJECTS\ENCRYPTION\DEBUG\ENCRYPTION.ILK
D:\USERS\KYLE JONES\DOCUMENTS\VISUAL STUDIO 2012\PROJECTS\ENCRYPTION\DEBUG\ENCRYPTION.EXE
D:\USERS\KYLE JONES\DOCUMENTS\VISUAL STUDIO 2012\PROJECTS\ENCRYPTION\DEBUG\ENCRYPTION.PDB
d:\Users\kyle jones\documents\visual studio 2012\Projects\Encryption\Encryption\Debug\Main.obj
d:\Users\kyle jones\documents\visual studio 2012\Projects\Encryption\Encryption\Debug\Security.obj
d:\Users\kyle jones\documents\visual studio 2012\Projects\Encryption\Encryption\Debug\SHA256.obj
d:\Users\kyle jones\documents\visual studio 2012\Projects\Encryption\Encryption\Debug\cl.command.1.tlog
d:\Users\kyle jones\documents\visual studio 2012\Projects\Encryption\Encryption\Debug\CL.read.1.tlog
d:\Users\kyle jones\documents\visual studio 2012\Projects\Encryption\Encryption\Debug\CL.write.1.tlog
d:\Users\kyle jones\documents\visual studio 2012\Projects\Encryption\Encryption\Debug\link-cvtres.read.1.tlog
d:\Users\kyle jones\documents\visual studio 2012\Projects\Encryption\Encryption\Debug\link-cvtres.write.1.tlog
d:\Users\kyle jones\documents\visual studio 2012\Projects\Encryption\Encryption\Debug\link-rc.read.1.tlog
d:\Users\kyle jones\documents\visual studio 2012\Projects\Encryption\Encryption\Debug\link-rc.write.1.tlog
d:\Users\kyle jones\documents\visual studio 2012\Projects\Encryption\Encryption\Debug\link.command.1.tlog
d:\Users\kyle jones\documents\visual studio 2012\Projects\Encryption\Encryption\Debug\link.read.1.tlog
d:\Users\kyle jones\documents\visual studio 2012\Projects\Encryption\Encryption\Debug\link.write.1.tlog
d:\Users\kyle jones\documents\visual studio 2012\Projects\Encryption\Encryption\Debug\vc110.idb
d:\Users\kyle jones\documents\visual studio 2012\Projects\Encryption\Encryption\Debug\vc110.pdb
d:\users\kyle jones\documents\visual studio 2012\Projects\Encryption\Debug\Encryption.pdb
d:\users\kyle jones\documents\visual studio 2012\Projects\Encryption\Debug\Encryption.exe
d:\users\kyle jones\documents\visual studio 2012\Projects\Encryption\Debug\Encryption.ilk
